2023-09-18 12:41:55 Loading main app package /opt/Obsidian/resources/obsidian.asar
2023-09-18 12:41:55 Checking for update using Github
2023-09-18 12:41:55 Success.
2023-09-18 12:41:55 Latest version is 1.4.13
2023-09-18 12:41:55 App is up to date.
2023-09-18 14:27:59 Checking for update using Github
2023-09-18 14:28:00 Success.
2023-09-18 14:28:00 Latest version is 1.4.13
2023-09-18 14:28:00 App is up to date.
2023-09-19 12:12:50 Checking for update using Github
2023-09-19 12:12:50 Success.
2023-09-19 12:12:50 Latest version is 1.4.13
2023-09-19 12:12:50 App is up to date.
2023-09-19 13:12:51 Checking for update using Github
2023-09-19 13:12:51 Success.
2023-09-19 13:12:51 Latest version is 1.4.13
2023-09-19 13:12:51 App is up to date.
2023-09-19 14:30:19 Checking for update using Github
2023-09-19 14:30:19 Success.
2023-09-19 14:30:19 Latest version is 1.4.13
2023-09-19 14:30:19 App is up to date.
